<?xml version="1.0" encoding="UTF-8"?>
<!-- Generated by org.testng.reporters.JUnitXMLReporter -->
<testsuite ignored="0" hostname="Dhanush" failures="0" tests="7" name="Default test" time="65.904" errors="0" timestamp="2022-10-11T22:21:11 IST">
  <testcase classname="com.demo.FlipkartTestEdge" name="closeLogin" time="2.679"/>
  <testcase classname="com.demo.FlipkartTestEdge" name="scroll" time="7.053"/>
  <testcase classname="com.demo.FlipkartTestEdge" name="searchProduct" time="5.87"/>
  <testcase classname="com.demo.FlipkartTestEdge" name="loadImage" time="14.242"/>
  <testcase classname="com.demo.FlipkartTestEdge" name="scrollFrequency" time="2.558"/>
  <testcase classname="com.demo.FlipkartTestEdge" name="downloadImages" time="0.349"/>
  <testcase classname="com.demo.FlipkartTestEdge" name="screenResolution" time="7.951"/>
</testsuite> <!-- Default test -->
