<?xml version="1.0" encoding="UTF-8"?>
<!-- Generated by org.testng.reporters.JUnitXMLReporter -->
<testsuite ignored="0" hostname="Dhanush" failures="0" tests="12" name="Default test" time="27.897" errors="0" timestamp="2022-10-01T13:36:23 IST">
  <testcase classname="RegistrationForm.RegistrationFormTest" name="atestEmail" time="2.201"/>
  <testcase classname="RegistrationForm.RegistrationFormTest" name="btestPassword" time="2.258"/>
  <testcase classname="RegistrationForm.RegistrationFormTest" name="ctestRepeatPassword" time="2.217"/>
  <testcase classname="RegistrationForm.RegistrationFormTest" name="dtestToVerifyRadioButtonExist" time="2.3"/>
  <testcase classname="RegistrationForm.RegistrationFormTest" name="etestToVerifyRadioButtonOneSelected" time="2.215"/>
  <testcase classname="RegistrationForm.RegistrationFormTest" name="ftestToVerifyRadioButtonTwoSelected" time="2.257"/>
  <testcase classname="RegistrationForm.RegistrationFormTest" name="gtestToVerifyRadioButtonSelected" time="2.223"/>
  <testcase classname="RegistrationForm.RegistrationFormTest" name="htestToVerifyCheckBoxOneSelected" time="2.226"/>
  <testcase classname="RegistrationForm.RegistrationFormTest" name="htestToVerifyCheckboxExist" time="0.262"/>
  <testcase classname="RegistrationForm.RegistrationFormTest" name="itestToVerifyCheckBoxTwoSelected" time="2.247"/>
  <testcase classname="RegistrationForm.RegistrationFormTest" name="jtestToVerifyCheckBoxThreeSelected" time="2.202"/>
  <testcase classname="RegistrationForm.RegistrationFormTest" name="testToVerifyRegistrationButton" time="2.268"/>
</testsuite> <!-- Default test -->
