<?xml version="1.0" encoding="UTF-8"?>
<testng-results ignored="0" total="12" passed="12" failed="0" skipped="0">
  <reporter-output>
  </reporter-output>
  <suite started-at="2022-10-01T13:35:55 IST" name="Default suite" finished-at="2022-10-01T13:36:23 IST" duration-ms="27897">
    <groups>
    </groups>
    <test started-at="2022-10-01T13:35:55 IST" name="Default test" finished-at="2022-10-01T13:36:23 IST" duration-ms="27897">
      <class name="RegistrationForm.RegistrationFormTest">
        <test-method is-config="true" signature="setUp()[pri:0, instance:RegistrationForm.RegistrationFormTest@625732]" started-at="2022-10-01T13:35:55 IST" name="setUp" finished-at="2022-10-01T13:35:58 IST" duration-ms="2942" status="PASS">
          <reporter-output>
          </reporter-output>
        </test-method> <!-- setUp -->
        <test-method signature="atestEmail()[pri:0, instance:RegistrationForm.RegistrationFormTest@625732]" started-at="2022-10-01T13:35:58 IST" name="atestEmail" finished-at="2022-10-01T13:36:00 IST" duration-ms="2201" status="PASS">
          <reporter-output>
          </reporter-output>
        </test-method> <!-- atestEmail -->
        <test-method signature="btestPassword()[pri:0, instance:RegistrationForm.RegistrationFormTest@625732]" started-at="2022-10-01T13:36:00 IST" name="btestPassword" finished-at="2022-10-01T13:36:02 IST" duration-ms="2258" status="PASS">
          <reporter-output>
          </reporter-output>
        </test-method> <!-- btestPassword -->
        <test-method signature="ctestRepeatPassword()[pri:0, instance:RegistrationForm.RegistrationFormTest@625732]" started-at="2022-10-01T13:36:02 IST" name="ctestRepeatPassword" finished-at="2022-10-01T13:36:04 IST" duration-ms="2217" status="PASS">
          <reporter-output>
          </reporter-output>
        </test-method> <!-- ctestRepeatPassword -->
        <test-method signature="dtestToVerifyRadioButtonExist()[pri:0, instance:RegistrationForm.RegistrationFormTest@625732]" started-at="2022-10-01T13:36:04 IST" name="dtestToVerifyRadioButtonExist" finished-at="2022-10-01T13:36:07 IST" duration-ms="2300" status="PASS">
          <reporter-output>
          </reporter-output>
        </test-method> <!-- dtestToVerifyRadioButtonExist -->
        <test-method signature="etestToVerifyRadioButtonOneSelected()[pri:0, instance:RegistrationForm.RegistrationFormTest@625732]" started-at="2022-10-01T13:36:07 IST" name="etestToVerifyRadioButtonOneSelected" finished-at="2022-10-01T13:36:09 IST" duration-ms="2215" status="PASS">
          <reporter-output>
          </reporter-output>
        </test-method> <!-- etestToVerifyRadioButtonOneSelected -->
        <test-method signature="ftestToVerifyRadioButtonTwoSelected()[pri:0, instance:RegistrationForm.RegistrationFormTest@625732]" started-at="2022-10-01T13:36:09 IST" name="ftestToVerifyRadioButtonTwoSelected" finished-at="2022-10-01T13:36:11 IST" duration-ms="2257" status="PASS">
          <reporter-output>
          </reporter-output>
        </test-method> <!-- ftestToVerifyRadioButtonTwoSelected -->
        <test-method signature="gtestToVerifyRadioButtonSelected()[pri:0, instance:RegistrationForm.RegistrationFormTest@625732]" started-at="2022-10-01T13:36:11 IST" name="gtestToVerifyRadioButtonSelected" finished-at="2022-10-01T13:36:13 IST" duration-ms="2223" status="PASS">
          <reporter-output>
          </reporter-output>
        </test-method> <!-- gtestToVerifyRadioButtonSelected -->
        <test-method signature="htestToVerifyCheckBoxOneSelected()[pri:0, instance:RegistrationForm.RegistrationFormTest@625732]" started-at="2022-10-01T13:36:13 IST" name="htestToVerifyCheckBoxOneSelected" finished-at="2022-10-01T13:36:16 IST" duration-ms="2226" status="PASS">
          <reporter-output>
          </reporter-output>
        </test-method> <!-- htestToVerifyCheckBoxOneSelected -->
        <test-method signature="htestToVerifyCheckboxExist()[pri:0, instance:RegistrationForm.RegistrationFormTest@625732]" started-at="2022-10-01T13:36:16 IST" name="htestToVerifyCheckboxExist" finished-at="2022-10-01T13:36:16 IST" duration-ms="262" status="PASS">
          <reporter-output>
          </reporter-output>
        </test-method> <!-- htestToVerifyCheckboxExist -->
        <test-method signature="itestToVerifyCheckBoxTwoSelected()[pri:0, instance:RegistrationForm.RegistrationFormTest@625732]" started-at="2022-10-01T13:36:16 IST" name="itestToVerifyCheckBoxTwoSelected" finished-at="2022-10-01T13:36:18 IST" duration-ms="2247" status="PASS">
          <reporter-output>
          </reporter-output>
        </test-method> <!-- itestToVerifyCheckBoxTwoSelected -->
        <test-method signature="jtestToVerifyCheckBoxThreeSelected()[pri:0, instance:RegistrationForm.RegistrationFormTest@625732]" started-at="2022-10-01T13:36:18 IST" name="jtestToVerifyCheckBoxThreeSelected" finished-at="2022-10-01T13:36:20 IST" duration-ms="2202" status="PASS">
          <reporter-output>
          </reporter-output>
        </test-method> <!-- jtestToVerifyCheckBoxThreeSelected -->
        <test-method signature="testToVerifyRegistrationButton()[pri:0, instance:RegistrationForm.RegistrationFormTest@625732]" started-at="2022-10-01T13:36:20 IST" name="testToVerifyRegistrationButton" finished-at="2022-10-01T13:36:22 IST" duration-ms="2268" status="PASS">
          <reporter-output>
          </reporter-output>
        </test-method> <!-- testToVerifyRegistrationButton -->
      </class> <!-- RegistrationForm.RegistrationFormTest -->
    </test> <!-- Default test -->
  </suite> <!-- Default suite -->
</testng-results>
